#! /usr/local/bin/vvp
:ivl_version "13.0 (devel)" "(s20221226-498-g52d049b51)";
:ivl_delay_selection "TYPICAL";
:vpi_time_precision + 0;
:vpi_module "/usr/local/lib/ivl/system.vpi";
:vpi_module "/usr/local/lib/ivl/vhdl_sys.vpi";
:vpi_module "/usr/local/lib/ivl/vhdl_textio.vpi";
:vpi_module "/usr/local/lib/ivl/v2005_math.vpi";
:vpi_module "/usr/local/lib/ivl/va_math.vpi";
S_0x59b5c154cd40 .scope module, "amp_state_control" "amp_state_control" 2 1;
 .timescale 0 0;
    .port_info 0 /INPUT 1 "clk_in";
    .port_info 1 /INPUT 1 "resetb";
    .port_info 2 /INPUT 1 "audio_locked_in";
    .port_info 3 /INPUT 1 "nerror_in";
    .port_info 4 /OUTPUT 1 "nenable_out";
    .port_info 5 /OUTPUT 1 "nmute_out";
    .port_info 6 /OUTPUT 1 "send_config_out";
P_0x59b5c154ced0 .param/l "ENABLED_0_ST" 1 2 27, C4<0001>;
P_0x59b5c154cf10 .param/l "ENABLED_1_ST" 1 2 28, C4<0010>;
P_0x59b5c154cf50 .param/l "ENABLED_WAIT_ST" 1 2 29, C4<0011>;
P_0x59b5c154cf90 .param/l "INIT_ST" 1 2 26, C4<0000>;
P_0x59b5c154cfd0 .param/l "SEND_CFG_0_ST" 1 2 30, C4<0100>;
P_0x59b5c154d010 .param/l "SEND_CFG_1_ST" 1 2 31, C4<0101>;
P_0x59b5c154d050 .param/l "SEND_CFG_WAIT_ST" 1 2 32, C4<0110>;
P_0x59b5c154d090 .param/l "UNMUTE_ST" 1 2 33, C4<0111>;
L_0x59b5c1578a00 .functor BUFZ 1, v0x59b5c15ada50_0, C4<0>, C4<0>, C4<0>;
o0x7ff290c4e378 .functor BUFZ 1, c4<z>; HiZ drive
L_0x59b5c15be670 .functor NOT 1, o0x7ff290c4e378, C4<0>, C4<0>, C4<0>;
L_0x59b5c15be6e0 .functor NOT 1, v0x59b5c15ade60_0, C4<0>, C4<0>, C4<0>;
L_0x59b5c15be7b0 .functor OR 1, L_0x59b5c15be670, L_0x59b5c15be6e0, C4<0>, C4<0>;
L_0x59b5c15be920 .functor NOT 1, L_0x59b5c15be7b0, C4<0>, C4<0>, C4<0>;
L_0x59b5c15be9e0 .functor BUFZ 1, v0x59b5c15addc0_0, C4<0>, C4<0>, C4<0>;
v0x59b5c15ad410_0 .net *"_ivl_2", 0 0, L_0x59b5c15be670;  1 drivers
v0x59b5c15ad510_0 .net *"_ivl_4", 0 0, L_0x59b5c15be6e0;  1 drivers
v0x59b5c15ad5f0_0 .var "amp_state_next", 3 0;
v0x59b5c15ad6b0_0 .var "amp_state_reg", 3 0;
v0x59b5c15ad790_0 .net "audio_locked_in", 0 0, o0x7ff290c4e378;  0 drivers
o0x7ff290c4e0d8 .functor BUFZ 1, c4<z>; HiZ drive
v0x59b5c15ad850_0 .net "clk_in", 0 0, o0x7ff290c4e0d8;  0 drivers
v0x59b5c15ad8f0_0 .net "mute", 0 0, L_0x59b5c15be7b0;  1 drivers
v0x59b5c15ad990_0 .net "nenable_out", 0 0, L_0x59b5c1578a00;  1 drivers
v0x59b5c15ada50_0 .var "nenable_reg", 0 0;
o0x7ff290c4e438 .functor BUFZ 1, c4<z>; HiZ drive
v0x59b5c15adba0_0 .net "nerror_in", 0 0, o0x7ff290c4e438;  0 drivers
v0x59b5c15adc60_0 .net "nmute_out", 0 0, L_0x59b5c15be920;  1 drivers
o0x7ff290c4e138 .functor BUFZ 1, c4<z>; HiZ drive
v0x59b5c15add20_0 .net "resetb", 0 0, o0x7ff290c4e138;  0 drivers
v0x59b5c15addc0_0 .var "send_config", 0 0;
v0x59b5c15ade60_0 .var "send_config_delayed", 0 0;
v0x59b5c15adf20_0 .net "send_config_out", 0 0, L_0x59b5c15be9e0;  1 drivers
v0x59b5c15adfe0_0 .var "timer_start", 0 0;
v0x59b5c15ae080_0 .net "timer_timeout", 0 0, L_0x59b5c15be490;  1 drivers
E_0x59b5c158acd0 .event anyedge, v0x59b5c15ad6b0_0, v0x59b5c15ad2d0_0;
S_0x59b5c157c800 .scope module, "tim" "timer_simple" 2 19, 3 1 0, S_0x59b5c154cd40;
 .timescale 0 0;
    .port_info 0 /INPUT 1 "clk_in";
    .port_info 1 /INPUT 1 "resetb";
    .port_info 2 /INPUT 1 "timer_start";
    .port_info 3 /OUTPUT 1 "timer_timeout";
P_0x59b5c157c9e0 .param/l "RELOAD_VAL" 0 3 7, C4<0101000000000000>;
L_0x7ff2908d0018 .functor BUFT 1, C4<0101000000000000>, C4<0>, C4<0>, C4<0>;
v0x59b5c1578b10_0 .net/2u *"_ivl_0", 15 0, L_0x7ff2908d0018;  1 drivers
v0x59b5c15acc00_0 .net *"_ivl_2", 0 0, L_0x59b5c15be330;  1 drivers
L_0x7ff2908d0060 .functor BUFT 1, C4<1>, C4<0>, C4<0>, C4<0>;
v0x59b5c15accc0_0 .net/2u *"_ivl_4", 0 0, L_0x7ff2908d0060;  1 drivers
L_0x7ff2908d00a8 .functor BUFT 1, C4<0>, C4<0>, C4<0>, C4<0>;
v0x59b5c15acd80_0 .net/2u *"_ivl_6", 0 0, L_0x7ff2908d00a8;  1 drivers
v0x59b5c15ace60_0 .net "clk_in", 0 0, o0x7ff290c4e0d8;  alias, 0 drivers
v0x59b5c15acf20_0 .var "counter_reg", 15 0;
v0x59b5c15ad000_0 .net "resetb", 0 0, o0x7ff290c4e138;  alias, 0 drivers
v0x59b5c15ad0c0_0 .net "timer_start", 0 0, v0x59b5c15adfe0_0;  1 drivers
v0x59b5c15ad180_0 .var "timer_state_run", 0 0;
v0x59b5c15ad2d0_0 .net "timer_timeout", 0 0, L_0x59b5c15be490;  alias, 1 drivers
E_0x59b5c158a7b0 .event posedge, v0x59b5c15ace60_0;
L_0x59b5c15be330 .cmp/eq 16, v0x59b5c15acf20_0, L_0x7ff2908d0018;
L_0x59b5c15be490 .functor MUXZ 1, L_0x7ff2908d00a8, L_0x7ff2908d0060, L_0x59b5c15be330, C4<>;
    .scope S_0x59b5c157c800;
T_0 ;
    %wait E_0x59b5c158a7b0;
    %load/vec4 v0x59b5c15ad000_0;
    %nor/r;
    %flag_set/vec4 8;
    %jmp/0xz  T_0.0, 8;
    %pushi/vec4 0, 0, 1;
    %assign/vec4 v0x59b5c15ad180_0, 0;
    %pushi/vec4 20480, 0, 16;
    %assign/vec4 v0x59b5c15acf20_0, 0;
    %jmp T_0.1;
T_0.0 ;
    %load/vec4 v0x59b5c15ad180_0;
    %flag_set/vec4 8;
    %jmp/0xz  T_0.2, 8;
    %load/vec4 v0x59b5c15acf20_0;
    %subi 1, 0, 16;
    %assign/vec4 v0x59b5c15acf20_0, 0;
    %pushi/vec4 1, 0, 1;
    %assign/vec4 v0x59b5c15ad180_0, 0;
    %load/vec4 v0x59b5c15acf20_0;
    %pad/u 32;
    %cmpi/e 0, 0, 32;
    %jmp/0xz  T_0.4, 4;
    %pushi/vec4 0, 0, 1;
    %assign/vec4 v0x59b5c15ad180_0, 0;
T_0.4 ;
    %jmp T_0.3;
T_0.2 ;
    %pushi/vec4 20480, 0, 16;
    %assign/vec4 v0x59b5c15acf20_0, 0;
    %pushi/vec4 0, 0, 1;
    %assign/vec4 v0x59b5c15ad180_0, 0;
    %load/vec4 v0x59b5c15ad0c0_0;
    %flag_set/vec4 8;
    %jmp/0xz  T_0.6, 8;
    %pushi/vec4 1, 0, 1;
    %assign/vec4 v0x59b5c15ad180_0, 0;
    %load/vec4 v0x59b5c15acf20_0;
    %subi 1, 0, 16;
    %assign/vec4 v0x59b5c15acf20_0, 0;
T_0.6 ;
T_0.3 ;
T_0.1 ;
    %jmp T_0;
    .thread T_0;
    .scope S_0x59b5c154cd40;
T_1 ;
    %wait E_0x59b5c158a7b0;
    %load/vec4 v0x59b5c15add20_0;
    %nor/r;
    %flag_set/vec4 8;
    %jmp/0xz  T_1.0, 8;
    %pushi/vec4 0, 0, 4;
    %assign/vec4 v0x59b5c15ad6b0_0, 0;
    %pushi/vec4 0, 0, 4;
    %assign/vec4 v0x59b5c15ad5f0_0, 0;
    %jmp T_1.1;
T_1.0 ;
    %load/vec4 v0x59b5c15ad5f0_0;
    %assign/vec4 v0x59b5c15ad6b0_0, 0;
T_1.1 ;
    %jmp T_1;
    .thread T_1;
    .scope S_0x59b5c154cd40;
T_2 ;
    %wait E_0x59b5c158acd0;
    %load/vec4 v0x59b5c15ad6b0_0;
    %store/vec4 v0x59b5c15ad5f0_0, 0, 4;
    %load/vec4 v0x59b5c15ad6b0_0;
    %dup/vec4;
    %pushi/vec4 0, 0, 4;
    %cmp/u;
    %jmp/1 T_2.0, 6;
    %dup/vec4;
    %pushi/vec4 1, 0, 4;
    %cmp/u;
    %jmp/1 T_2.1, 6;
    %dup/vec4;
    %pushi/vec4 2, 0, 4;
    %cmp/u;
    %jmp/1 T_2.2, 6;
    %dup/vec4;
    %pushi/vec4 3, 0, 4;
    %cmp/u;
    %jmp/1 T_2.3, 6;
    %dup/vec4;
    %pushi/vec4 4, 0, 4;
    %cmp/u;
    %jmp/1 T_2.4, 6;
    %dup/vec4;
    %pushi/vec4 5, 0, 4;
    %cmp/u;
    %jmp/1 T_2.5, 6;
    %dup/vec4;
    %pushi/vec4 6, 0, 4;
    %cmp/u;
    %jmp/1 T_2.6, 6;
    %dup/vec4;
    %pushi/vec4 7, 0, 4;
    %cmp/u;
    %jmp/1 T_2.7, 6;
    %jmp T_2.8;
T_2.0 ;
    %pushi/vec4 0, 0, 1;
    %store/vec4 v0x59b5c15addc0_0, 0, 1;
    %pushi/vec4 0, 0, 1;
    %store/vec4 v0x59b5c15ade60_0, 0, 1;
    %pushi/vec4 1, 0, 1;
    %store/vec4 v0x59b5c15ada50_0, 0, 1;
    %pushi/vec4 0, 0, 1;
    %store/vec4 v0x59b5c15adfe0_0, 0, 1;
    %pushi/vec4 1, 0, 4;
    %store/vec4 v0x59b5c15ad5f0_0, 0, 4;
    %jmp T_2.8;
T_2.1 ;
    %pushi/vec4 0, 0, 1;
    %store/vec4 v0x59b5c15addc0_0, 0, 1;
    %pushi/vec4 0, 0, 1;
    %store/vec4 v0x59b5c15ade60_0, 0, 1;
    %pushi/vec4 0, 0, 1;
    %store/vec4 v0x59b5c15ada50_0, 0, 1;
    %pushi/vec4 1, 0, 1;
    %store/vec4 v0x59b5c15adfe0_0, 0, 1;
    %pushi/vec4 2, 0, 4;
    %store/vec4 v0x59b5c15ad5f0_0, 0, 4;
    %jmp T_2.8;
T_2.2 ;
    %pushi/vec4 0, 0, 1;
    %store/vec4 v0x59b5c15addc0_0, 0, 1;
    %pushi/vec4 0, 0, 1;
    %store/vec4 v0x59b5c15ade60_0, 0, 1;
    %pushi/vec4 0, 0, 1;
    %store/vec4 v0x59b5c15ada50_0, 0, 1;
    %pushi/vec4 0, 0, 1;
    %store/vec4 v0x59b5c15adfe0_0, 0, 1;
    %pushi/vec4 3, 0, 4;
    %store/vec4 v0x59b5c15ad5f0_0, 0, 4;
    %jmp T_2.8;
T_2.3 ;
    %pushi/vec4 0, 0, 1;
    %store/vec4 v0x59b5c15addc0_0, 0, 1;
    %pushi/vec4 0, 0, 1;
    %store/vec4 v0x59b5c15ade60_0, 0, 1;
    %pushi/vec4 0, 0, 1;
    %store/vec4 v0x59b5c15ada50_0, 0, 1;
    %pushi/vec4 0, 0, 1;
    %store/vec4 v0x59b5c15adfe0_0, 0, 1;
    %load/vec4 v0x59b5c15ae080_0;
    %flag_set/vec4 8;
    %jmp/0xz  T_2.9, 8;
    %pushi/vec4 4, 0, 4;
    %store/vec4 v0x59b5c15ad5f0_0, 0, 4;
T_2.9 ;
    %jmp T_2.8;
T_2.4 ;
    %pushi/vec4 1, 0, 1;
    %store/vec4 v0x59b5c15addc0_0, 0, 1;
    %pushi/vec4 0, 0, 1;
    %store/vec4 v0x59b5c15ade60_0, 0, 1;
    %pushi/vec4 0, 0, 1;
    %store/vec4 v0x59b5c15ada50_0, 0, 1;
    %pushi/vec4 1, 0, 1;
    %store/vec4 v0x59b5c15adfe0_0, 0, 1;
    %pushi/vec4 5, 0, 4;
    %store/vec4 v0x59b5c15ad5f0_0, 0, 4;
    %jmp T_2.8;
T_2.5 ;
    %pushi/vec4 1, 0, 1;
    %store/vec4 v0x59b5c15addc0_0, 0, 1;
    %pushi/vec4 0, 0, 1;
    %store/vec4 v0x59b5c15ade60_0, 0, 1;
    %pushi/vec4 0, 0, 1;
    %store/vec4 v0x59b5c15ada50_0, 0, 1;
    %pushi/vec4 0, 0, 1;
    %store/vec4 v0x59b5c15adfe0_0, 0, 1;
    %pushi/vec4 6, 0, 4;
    %store/vec4 v0x59b5c15ad5f0_0, 0, 4;
    %jmp T_2.8;
T_2.6 ;
    %pushi/vec4 1, 0, 1;
    %store/vec4 v0x59b5c15addc0_0, 0, 1;
    %pushi/vec4 0, 0, 1;
    %store/vec4 v0x59b5c15ade60_0, 0, 1;
    %pushi/vec4 0, 0, 1;
    %store/vec4 v0x59b5c15ada50_0, 0, 1;
    %pushi/vec4 0, 0, 1;
    %store/vec4 v0x59b5c15adfe0_0, 0, 1;
    %load/vec4 v0x59b5c15ae080_0;
    %flag_set/vec4 8;
    %jmp/0xz  T_2.11, 8;
    %pushi/vec4 7, 0, 4;
    %store/vec4 v0x59b5c15ad5f0_0, 0, 4;
    %jmp T_2.12;
T_2.11 ;
    %pushi/vec4 6, 0, 4;
    %store/vec4 v0x59b5c15ad5f0_0, 0, 4;
T_2.12 ;
    %jmp T_2.8;
T_2.7 ;
    %pushi/vec4 1, 0, 1;
    %store/vec4 v0x59b5c15addc0_0, 0, 1;
    %pushi/vec4 1, 0, 1;
    %store/vec4 v0x59b5c15ade60_0, 0, 1;
    %pushi/vec4 0, 0, 1;
    %store/vec4 v0x59b5c15ada50_0, 0, 1;
    %pushi/vec4 0, 0, 1;
    %store/vec4 v0x59b5c15adfe0_0, 0, 1;
    %pushi/vec4 7, 0, 4;
    %store/vec4 v0x59b5c15ad5f0_0, 0, 4;
    %jmp T_2.8;
T_2.8 ;
    %pop/vec4 1;
    %jmp T_2;
    .thread T_2, $push;
# The file index is used to find the file name in the following table.
:file_names 4;
    "N/A";
    "<interactive>";
    "amp_state_control.v";
    "timer_simple.v";
